15:16:58.352 DemoLog [main] INFO  com.zxsoft.demo2.test.RegionServiceTest - Starting RegionServiceTest on leoworkcentre with PID 6716 (started by Administrator in E:\MySolution\Spring\SpringBootDemo\demo2)
15:16:58.354 DemoLog [main] DEBUG com.zxsoft.demo2.test.RegionServiceTest - Running with Spring Boot v2.0.3.RELEASE, Spring v5.0.7.RELEASE
15:16:58.365 DemoLog [main] INFO  com.zxsoft.demo2.test.RegionServiceTest - The following profiles are active: dev
15:17:04.800 DemoLog [main] WARN  org.hibernate.id.UUIDHexGenerator - HHH000409: Using org.hibernate.id.UUIDHexGenerator which does not generate IETF RFC 4122 compliant UUID values; consider using org.hibernate.id.UUIDGenerator instead
15:17:16.385 DemoLog [main] INFO  com.zxsoft.demo2.test.RegionServiceTest - Started RegionServiceTest in 19.299 seconds (JVM running for 21.594)
15:17:16.652 DemoLog [main] INFO  com.zxsoft.demo2.test.RegionServiceTest - logger level:Info.Beggining--------------
17:56:26.140 DemoLog [main] INFO  com.zxsoft.demo2.test.RegionControllerTest - Starting RegionControllerTest on leoworkcentre with PID 1988 (started by Administrator in E:\MySolution\Spring\SpringBootDemo\demo2)
17:56:26.142 DemoLog [main] DEBUG com.zxsoft.demo2.test.RegionControllerTest - Running with Spring Boot v2.0.3.RELEASE, Spring v5.0.7.RELEASE
17:56:26.145 DemoLog [main] INFO  com.zxsoft.demo2.test.RegionControllerTest - The following profiles are active: dev
17:56:33.108 DemoLog [main] WARN  org.hibernate.id.UUIDHexGenerator - HHH000409: Using org.hibernate.id.UUIDHexGenerator which does not generate IETF RFC 4122 compliant UUID values; consider using org.hibernate.id.UUIDGenerator instead
17:56:44.644 DemoLog [main] INFO  com.zxsoft.demo2.test.RegionControllerTest - Started RegionControllerTest in 20.1 seconds (JVM running for 22.486)
17:56:45.099 DemoLog [main] WARN  org.springframework.web.servlet.PageNotFound - No mapping found for HTTP request with URI [/region/add] in DispatcherServlet with name ''
18:00:54.681 DemoLog [main] INFO  com.zxsoft.demo2.test.RegionControllerTest - Starting RegionControllerTest on leoworkcentre with PID 5344 (started by Administrator in E:\MySolution\Spring\SpringBootDemo\demo2)
18:00:54.682 DemoLog [main] DEBUG com.zxsoft.demo2.test.RegionControllerTest - Running with Spring Boot v2.0.3.RELEASE, Spring v5.0.7.RELEASE
18:00:54.685 DemoLog [main] INFO  com.zxsoft.demo2.test.RegionControllerTest - The following profiles are active: dev
18:01:01.838 DemoLog [main] WARN  org.hibernate.id.UUIDHexGenerator - HHH000409: Using org.hibernate.id.UUIDHexGenerator which does not generate IETF RFC 4122 compliant UUID values; consider using org.hibernate.id.UUIDGenerator instead
18:01:13.928 DemoLog [main] INFO  com.zxsoft.demo2.test.RegionControllerTest - Started RegionControllerTest in 20.92 seconds (JVM running for 23.046)
18:01:36.948 DemoLog [SimpleAsyncTaskExecutor-1] WARN  o.s.a.r.listener.SimpleMessageListenerContainer - Consumer raised exception, processing can restart if the connection factory supports it. Exception summary: org.springframework.amqp.AmqpConnectException: java.net.ConnectException: Connection refused: connect
18:01:36.957 DemoLog [SimpleAsyncTaskExecutor-1] WARN  o.s.a.r.listener.SimpleMessageListenerContainer - Consumer raised exception, processing can restart if the connection factory supports it. Exception summary: org.springframework.amqp.AmqpConnectException: java.net.ConnectException: Connection refused: connect
18:01:48.445 DemoLog [main] INFO  com.zxsoft.demo2.test.RegionControllerTest - Starting RegionControllerTest on leoworkcentre with PID 9704 (started by Administrator in E:\MySolution\Spring\SpringBootDemo\demo2)
18:01:48.447 DemoLog [main] DEBUG com.zxsoft.demo2.test.RegionControllerTest - Running with Spring Boot v2.0.3.RELEASE, Spring v5.0.7.RELEASE
18:01:48.449 DemoLog [main] INFO  com.zxsoft.demo2.test.RegionControllerTest - The following profiles are active: dev
18:01:54.961 DemoLog [main] WARN  org.hibernate.id.UUIDHexGenerator - HHH000409: Using org.hibernate.id.UUIDHexGenerator which does not generate IETF RFC 4122 compliant UUID values; consider using org.hibernate.id.UUIDGenerator instead
18:02:06.705 DemoLog [main] INFO  com.zxsoft.demo2.test.RegionControllerTest - Started RegionControllerTest in 19.613 seconds (JVM running for 21.827)
18:02:25.299 DemoLog [SimpleAsyncTaskExecutor-1] WARN  o.s.a.r.listener.SimpleMessageListenerContainer - Consumer raised exception, processing can restart if the connection factory supports it. Exception summary: org.springframework.amqp.AmqpConnectException: java.net.ConnectException: Connection refused: connect
18:02:25.300 DemoLog [SimpleAsyncTaskExecutor-1] WARN  o.s.a.r.listener.SimpleMessageListenerContainer - Consumer raised exception, processing can restart if the connection factory supports it. Exception summary: org.springframework.amqp.AmqpConnectException: java.net.ConnectException: Connection refused: connect
18:02:25.867 DemoLog [main] WARN  org.hibernate.engine.jdbc.spi.SqlExceptionHelper - SQL Error: 1062, SQLState: 23000
18:02:25.868 DemoLog [main] ERROR org.hibernate.engine.jdbc.spi.SqlExceptionHelper - Duplicate entry '004' for key 'UK_cvkh21a9ty1fkms7yoxk4ercl'
18:02:25.872 DemoLog [main] ERROR org.hibernate.internal.ExceptionMapperStandardImpl - HHH000346: Error during managed flush [org.hibernate.exception.ConstraintViolationException: could not execute statement]
18:02:55.403 DemoLog [SimpleAsyncTaskExecutor-2] WARN  o.s.a.r.listener.SimpleMessageListenerContainer - Consumer raised exception, processing can restart if the connection factory supports it. Exception summary: org.springframework.amqp.AmqpConnectException: java.net.ConnectException: Connection refused: connect
18:05:07.888 DemoLog [main] INFO  com.zxsoft.demo2.test.RegionControllerTest - Starting RegionControllerTest on leoworkcentre with PID 11100 (started by Administrator in E:\MySolution\Spring\SpringBootDemo\demo2)
18:05:07.889 DemoLog [main] DEBUG com.zxsoft.demo2.test.RegionControllerTest - Running with Spring Boot v2.0.3.RELEASE, Spring v5.0.7.RELEASE
18:05:07.891 DemoLog [main] INFO  com.zxsoft.demo2.test.RegionControllerTest - The following profiles are active: dev
18:05:14.705 DemoLog [main] WARN  org.hibernate.id.UUIDHexGenerator - HHH000409: Using org.hibernate.id.UUIDHexGenerator which does not generate IETF RFC 4122 compliant UUID values; consider using org.hibernate.id.UUIDGenerator instead
18:05:26.210 DemoLog [main] INFO  com.zxsoft.demo2.test.RegionControllerTest - Started RegionControllerTest in 19.469 seconds (JVM running for 21.84)
18:05:50.556 DemoLog [SimpleAsyncTaskExecutor-1] WARN  o.s.a.r.listener.SimpleMessageListenerContainer - Consumer raised exception, processing can restart if the connection factory supports it. Exception summary: org.springframework.amqp.AmqpConnectException: java.net.ConnectException: Connection refused: connect
18:05:50.602 DemoLog [SimpleAsyncTaskExecutor-1] WARN  o.s.a.r.listener.SimpleMessageListenerContainer - Consumer raised exception, processing can restart if the connection factory supports it. Exception summary: org.springframework.amqp.AmqpConnectException: java.net.ConnectException: Connection refused: connect
18:06:09.449 DemoLog [SimpleAsyncTaskExecutor-2] WARN  o.s.a.r.listener.SimpleMessageListenerContainer - Consumer raised exception, processing can restart if the connection factory supports it. Exception summary: org.springframework.amqp.AmqpConnectException: java.net.ConnectException: Connection refused: connect
18:06:54.801 DemoLog [main] WARN  org.hibernate.engine.jdbc.spi.SqlExceptionHelper - SQL Error: 1062, SQLState: 23000
18:06:54.802 DemoLog [main] ERROR org.hibernate.engine.jdbc.spi.SqlExceptionHelper - Duplicate entry '004' for key 'UK_cvkh21a9ty1fkms7yoxk4ercl'
18:06:54.806 DemoLog [main] ERROR org.hibernate.internal.ExceptionMapperStandardImpl - HHH000346: Error during managed flush [org.hibernate.exception.ConstraintViolationException: could not execute statement]
18:07:09.738 DemoLog [SimpleAsyncTaskExecutor-3] WARN  o.s.a.r.listener.SimpleMessageListenerContainer - Consumer raised exception, processing can restart if the connection factory supports it. Exception summary: org.springframework.amqp.AmqpConnectException: java.net.ConnectException: Connection refused: connect
18:07:09.749 DemoLog [SimpleAsyncTaskExecutor-2] WARN  o.s.a.r.listener.SimpleMessageListenerContainer - Consumer raised exception, processing can restart if the connection factory supports it. Exception summary: org.springframework.amqp.AmqpConnectException: java.net.ConnectException: Connection refused: connect
18:07:19.113 DemoLog [main] INFO  com.zxsoft.demo2.test.RegionControllerTest - Starting RegionControllerTest on leoworkcentre with PID 10672 (started by Administrator in E:\MySolution\Spring\SpringBootDemo\demo2)
18:07:19.115 DemoLog [main] DEBUG com.zxsoft.demo2.test.RegionControllerTest - Running with Spring Boot v2.0.3.RELEASE, Spring v5.0.7.RELEASE
18:07:19.118 DemoLog [main] INFO  com.zxsoft.demo2.test.RegionControllerTest - The following profiles are active: dev
18:07:25.646 DemoLog [main] WARN  org.hibernate.id.UUIDHexGenerator - HHH000409: Using org.hibernate.id.UUIDHexGenerator which does not generate IETF RFC 4122 compliant UUID values; consider using org.hibernate.id.UUIDGenerator instead
18:07:37.220 DemoLog [main] INFO  com.zxsoft.demo2.test.RegionControllerTest - Started RegionControllerTest in 19.509 seconds (JVM running for 21.883)
18:08:08.455 DemoLog [SimpleAsyncTaskExecutor-1] WARN  o.s.a.r.listener.SimpleMessageListenerContainer - Consumer raised exception, processing can restart if the connection factory supports it. Exception summary: org.springframework.amqp.AmqpConnectException: java.net.ConnectException: Connection refused: connect
18:08:08.455 DemoLog [SimpleAsyncTaskExecutor-1] WARN  o.s.a.r.listener.SimpleMessageListenerContainer - Consumer raised exception, processing can restart if the connection factory supports it. Exception summary: org.springframework.amqp.AmqpConnectException: java.net.ConnectException: Connection refused: connect
18:08:22.439 DemoLog [SimpleAsyncTaskExecutor-2] WARN  o.s.a.r.listener.SimpleMessageListenerContainer - Consumer raised exception, processing can restart if the connection factory supports it. Exception summary: org.springframework.amqp.AmqpConnectException: java.net.ConnectException: Connection refused: connect
18:09:44.994 DemoLog [SimpleAsyncTaskExecutor-3] WARN  o.s.a.r.listener.SimpleMessageListenerContainer - Consumer raised exception, processing can restart if the connection factory supports it. Exception summary: org.springframework.amqp.AmqpConnectException: java.net.ConnectException: Connection refused: connect
18:09:44.995 DemoLog [SimpleAsyncTaskExecutor-2] WARN  o.s.a.r.listener.SimpleMessageListenerContainer - Consumer raised exception, processing can restart if the connection factory supports it. Exception summary: org.springframework.amqp.AmqpConnectException: java.net.ConnectException: Connection refused: connect
18:12:09.262 DemoLog [SimpleAsyncTaskExecutor-4] WARN  o.s.a.r.listener.SimpleMessageListenerContainer - Consumer raised exception, processing can restart if the connection factory supports it. Exception summary: org.springframework.amqp.AmqpConnectException: java.net.ConnectException: Connection refused: connect
18:12:09.849 DemoLog [main] WARN  org.hibernate.engine.jdbc.spi.SqlExceptionHelper - SQL Error: 1062, SQLState: 23000
18:12:09.850 DemoLog [main] ERROR org.hibernate.engine.jdbc.spi.SqlExceptionHelper - Duplicate entry '004' for key 'UK_cvkh21a9ty1fkms7yoxk4ercl'
18:12:09.855 DemoLog [main] ERROR org.hibernate.internal.ExceptionMapperStandardImpl - HHH000346: Error during managed flush [org.hibernate.exception.ConstraintViolationException: could not execute statement]
18:12:28.766 DemoLog [SimpleAsyncTaskExecutor-3] WARN  o.s.a.r.listener.SimpleMessageListenerContainer - Consumer raised exception, processing can restart if the connection factory supports it. Exception summary: org.springframework.amqp.AmqpConnectException: java.net.ConnectException: Connection refused: connect
18:12:34.725 DemoLog [SimpleAsyncTaskExecutor-5] WARN  o.s.a.r.listener.SimpleMessageListenerContainer - Consumer raised exception, processing can restart if the connection factory supports it. Exception summary: org.springframework.amqp.AmqpConnectException: java.net.ConnectException: Connection refused: connect
18:12:43.216 DemoLog [SimpleAsyncTaskExecutor-4] WARN  o.s.a.r.listener.SimpleMessageListenerContainer - Consumer raised exception, processing can restart if the connection factory supports it. Exception summary: org.springframework.amqp.AmqpConnectException: java.net.ConnectException: Connection refused: connect
18:13:02.531 DemoLog [SimpleAsyncTaskExecutor-6] WARN  o.s.a.r.listener.SimpleMessageListenerContainer - Consumer raised exception, processing can restart if the connection factory supports it. Exception summary: org.springframework.amqp.AmqpConnectException: java.net.ConnectException: Connection refused: connect
18:13:32.573 DemoLog [SimpleAsyncTaskExecutor-5] WARN  o.s.a.r.listener.SimpleMessageListenerContainer - Consumer raised exception, processing can restart if the connection factory supports it. Exception summary: org.springframework.amqp.AmqpConnectException: java.net.ConnectException: Connection refused: connect
18:14:26.617 DemoLog [SimpleAsyncTaskExecutor-7] WARN  o.s.a.r.listener.SimpleMessageListenerContainer - Consumer raised exception, processing can restart if the connection factory supports it. Exception summary: org.springframework.amqp.AmqpConnectException: java.net.ConnectException: Connection refused: connect
18:14:46.582 DemoLog [main] INFO  com.zxsoft.demo2.test.RegionControllerTest - Starting RegionControllerTest on leoworkcentre with PID 11484 (started by Administrator in E:\MySolution\Spring\SpringBootDemo\demo2)
18:14:46.584 DemoLog [main] DEBUG com.zxsoft.demo2.test.RegionControllerTest - Running with Spring Boot v2.0.3.RELEASE, Spring v5.0.7.RELEASE
18:14:46.586 DemoLog [main] INFO  com.zxsoft.demo2.test.RegionControllerTest - The following profiles are active: dev
18:14:51.990 DemoLog [main] WARN  org.hibernate.id.UUIDHexGenerator - HHH000409: Using org.hibernate.id.UUIDHexGenerator which does not generate IETF RFC 4122 compliant UUID values; consider using org.hibernate.id.UUIDGenerator instead
18:15:02.908 DemoLog [main] INFO  com.zxsoft.demo2.test.RegionControllerTest - Started RegionControllerTest in 17.859 seconds (JVM running for 19.893)
18:15:41.750 DemoLog [SimpleAsyncTaskExecutor-1] WARN  o.s.a.r.listener.SimpleMessageListenerContainer - Consumer raised exception, processing can restart if the connection factory supports it. Exception summary: org.springframework.amqp.AmqpConnectException: java.net.ConnectException: Connection refused: connect
18:15:41.758 DemoLog [SimpleAsyncTaskExecutor-1] WARN  o.s.a.r.listener.SimpleMessageListenerContainer - Consumer raised exception, processing can restart if the connection factory supports it. Exception summary: org.springframework.amqp.AmqpConnectException: java.net.ConnectException: Connection refused: connect
18:18:14.519 DemoLog [main] INFO  com.zxsoft.demo2.test.RegionControllerTest - Starting RegionControllerTest on leoworkcentre with PID 10984 (started by Administrator in E:\MySolution\Spring\SpringBootDemo\demo2)
18:18:14.521 DemoLog [main] DEBUG com.zxsoft.demo2.test.RegionControllerTest - Running with Spring Boot v2.0.3.RELEASE, Spring v5.0.7.RELEASE
18:18:14.523 DemoLog [main] INFO  com.zxsoft.demo2.test.RegionControllerTest - The following profiles are active: dev
18:18:20.601 DemoLog [main] WARN  org.hibernate.id.UUIDHexGenerator - HHH000409: Using org.hibernate.id.UUIDHexGenerator which does not generate IETF RFC 4122 compliant UUID values; consider using org.hibernate.id.UUIDGenerator instead
18:18:32.184 DemoLog [main] INFO  com.zxsoft.demo2.test.RegionControllerTest - Started RegionControllerTest in 18.817 seconds (JVM running for 20.943)
18:18:32.646 DemoLog [main] WARN  org.springframework.web.servlet.PageNotFound - No mapping found for HTTP request with URI [/region/add] in DispatcherServlet with name ''
18:19:30.485 DemoLog [main] INFO  com.zxsoft.demo2.test.RegionControllerTest - Starting RegionControllerTest on leoworkcentre with PID 11848 (started by Administrator in E:\MySolution\Spring\SpringBootDemo\demo2)
18:19:30.487 DemoLog [main] DEBUG com.zxsoft.demo2.test.RegionControllerTest - Running with Spring Boot v2.0.3.RELEASE, Spring v5.0.7.RELEASE
18:19:30.494 DemoLog [main] INFO  com.zxsoft.demo2.test.RegionControllerTest - The following profiles are active: dev
18:19:37.127 DemoLog [main] WARN  org.hibernate.id.UUIDHexGenerator - HHH000409: Using org.hibernate.id.UUIDHexGenerator which does not generate IETF RFC 4122 compliant UUID values; consider using org.hibernate.id.UUIDGenerator instead
18:19:43.328 DemoLog [main] WARN  o.s.w.context.support.GenericWebApplicationContext - Exception encountered during context initialization - cancelling refresh attempt: org.springframework.beans.factory.BeanCreationException: Error creating bean with name 'requestMappingHandlerMapping' defined in class path resource [org/springframework/web/servlet/config/annotation/DelegatingWebMvcConfiguration.class]: Invocation of init method failed; nested exception is java.lang.IllegalStateException: Ambiguous mapping. Cannot map 'regionController' method 
public java.lang.String com.zxsoft.demo2.controller.RegionController.queryRegion(com.zxsoft.demo2.domain.Region)
to {[],methods=[GET || POST]}: There is already 'regionController' bean method
public com.zxsoft.demo2.domain.Region com.zxsoft.demo2.controller.RegionController.addRegion(com.zxsoft.demo2.domain.Region) mapped.
18:19:43.367 DemoLog [main] ERROR org.springframework.boot.SpringApplication - Application run failed
org.springframework.beans.factory.BeanCreationException: Error creating bean with name 'requestMappingHandlerMapping' defined in class path resource [org/springframework/web/servlet/config/annotation/DelegatingWebMvcConfiguration.class]: Invocation of init method failed; nested exception is java.lang.IllegalStateException: Ambiguous mapping. Cannot map 'regionController' method 
public java.lang.String com.zxsoft.demo2.controller.RegionController.queryRegion(com.zxsoft.demo2.domain.Region)
to {[],methods=[GET || POST]}: There is already 'regionController' bean method
public com.zxsoft.demo2.domain.Region com.zxsoft.demo2.controller.RegionController.addRegion(com.zxsoft.demo2.domain.Region) mapped.
	at org.springframework.beans.factory.support.AbstractAutowireCapableBeanFactory.initializeBean(AbstractAutowireCapableBeanFactory.java:1708)
	at org.springframework.beans.factory.support.AbstractAutowireCapableBeanFactory.doCreateBean(AbstractAutowireCapableBeanFactory.java:581)
	at org.springframework.beans.factory.support.AbstractAutowireCapableBeanFactory.createBean(AbstractAutowireCapableBeanFactory.java:503)
	at org.springframework.beans.factory.support.AbstractBeanFactory.lambda$doGetBean$0(AbstractBeanFactory.java:317)
	at org.springframework.beans.factory.support.DefaultSingletonBeanRegistry.getSingleton(DefaultSingletonBeanRegistry.java:222)
	at org.springframework.beans.factory.support.AbstractBeanFactory.doGetBean(AbstractBeanFactory.java:315)
	at org.springframework.beans.factory.support.AbstractBeanFactory.getBean(AbstractBeanFactory.java:199)
	at org.springframework.beans.factory.support.DefaultListableBeanFactory.preInstantiateSingletons(DefaultListableBeanFactory.java:760)
	at org.springframework.context.support.AbstractApplicationContext.finishBeanFactoryInitialization(AbstractApplicationContext.java:869)
	at org.springframework.context.support.AbstractApplicationContext.refresh(AbstractApplicationContext.java:550)
	at org.springframework.boot.SpringApplication.refresh(SpringApplication.java:759)
	at org.springframework.boot.SpringApplication.refreshContext(SpringApplication.java:395)
	at org.springframework.boot.SpringApplication.run(SpringApplication.java:327)
	at org.springframework.boot.test.context.SpringBootContextLoader.loadContext(SpringBootContextLoader.java:139)
	at org.springframework.test.context.cache.DefaultCacheAwareContextLoaderDelegate.loadContextInternal(DefaultCacheAwareContextLoaderDelegate.java:99)
	at org.springframework.test.context.cache.DefaultCacheAwareContextLoaderDelegate.loadContext(DefaultCacheAwareContextLoaderDelegate.java:117)
	at org.springframework.test.context.support.DefaultTestContext.getApplicationContext(DefaultTestContext.java:108)
	at org.springframework.test.context.web.ServletTestExecutionListener.setUpRequestContextIfNecessary(ServletTestExecutionListener.java:190)
	at org.springframework.test.context.web.ServletTestExecutionListener.prepareTestInstance(ServletTestExecutionListener.java:132)
	at org.springframework.test.context.TestContextManager.prepareTestInstance(TestContextManager.java:246)
	at org.springframework.test.context.junit4.SpringJUnit4ClassRunner.createTest(SpringJUnit4ClassRunner.java:227)
	at org.springframework.test.context.junit4.SpringJUnit4ClassRunner$1.runReflectiveCall(SpringJUnit4ClassRunner.java:289)
	at org.junit.internal.runners.model.ReflectiveCallable.run(ReflectiveCallable.java:12)
	at org.springframework.test.context.junit4.SpringJUnit4ClassRunner.methodBlock(SpringJUnit4ClassRunner.java:291)
	at org.springframework.test.context.junit4.SpringJUnit4ClassRunner.runChild(SpringJUnit4ClassRunner.java:246)
	at org.springframework.test.context.junit4.SpringJUnit4ClassRunner.runChild(SpringJUnit4ClassRunner.java:97)
	at org.junit.runners.ParentRunner$3.run(ParentRunner.java:290)
	at org.junit.runners.ParentRunner$1.schedule(ParentRunner.java:71)
	at org.junit.runners.ParentRunner.runChildren(ParentRunner.java:288)
	at org.junit.runners.ParentRunner.access$000(ParentRunner.java:58)
	at org.junit.runners.ParentRunner$2.evaluate(ParentRunner.java:268)
	at org.springframework.test.context.junit4.statements.RunBeforeTestClassCallbacks.evaluate(RunBeforeTestClassCallbacks.java:61)
	at org.springframework.test.context.junit4.statements.RunAfterTestClassCallbacks.evaluate(RunAfterTestClassCallbacks.java:70)
	at org.junit.runners.ParentRunner.run(ParentRunner.java:363)
	at org.springframework.test.context.junit4.SpringJUnit4ClassRunner.run(SpringJUnit4ClassRunner.java:190)
	at org.junit.runner.JUnitCore.run(JUnitCore.java:137)
	at com.intellij.junit4.JUnit4IdeaTestRunner.startRunnerWithArgs(JUnit4IdeaTestRunner.java:68)
	at com.intellij.rt.execution.junit.IdeaTestRunner$Repeater.startRunnerWithArgs(IdeaTestRunner.java:47)
	at com.intellij.rt.execution.junit.JUnitStarter.prepareStreamsAndStart(JUnitStarter.java:242)
	at com.intellij.rt.execution.junit.JUnitStarter.main(JUnitStarter.java:70)
Caused by: java.lang.IllegalStateException: Ambiguous mapping. Cannot map 'regionController' method 
public java.lang.String com.zxsoft.demo2.controller.RegionController.queryRegion(com.zxsoft.demo2.domain.Region)
to {[],methods=[GET || POST]}: There is already 'regionController' bean method
public com.zxsoft.demo2.domain.Region com.zxsoft.demo2.controller.RegionController.addRegion(com.zxsoft.demo2.domain.Region) mapped.
	at org.springframework.web.servlet.handler.AbstractHandlerMethodMapping$MappingRegistry.assertUniqueMethodMapping(AbstractHandlerMethodMapping.java:580)
	at org.springframework.web.servlet.handler.AbstractHandlerMethodMapping$MappingRegistry.register(AbstractHandlerMethodMapping.java:544)
	at org.springframework.web.servlet.handler.AbstractHandlerMethodMapping.registerHandlerMethod(AbstractHandlerMethodMapping.java:265)
	at org.springframework.web.servlet.handler.AbstractHandlerMethodMapping.lambda$detectHandlerMethods$1(AbstractHandlerMethodMapping.java:250)
	at java.util.LinkedHashMap.forEach(LinkedHashMap.java:684)
	at org.springframework.web.servlet.handler.AbstractHandlerMethodMapping.detectHandlerMethods(AbstractHandlerMethodMapping.java:248)
	at org.springframework.web.servlet.handler.AbstractHandlerMethodMapping.initHandlerMethods(AbstractHandlerMethodMapping.java:218)
	at org.springframework.web.servlet.handler.AbstractHandlerMethodMapping.afterPropertiesSet(AbstractHandlerMethodMapping.java:188)
	at org.springframework.web.servlet.mvc.method.annotation.RequestMappingHandlerMapping.afterPropertiesSet(RequestMappingHandlerMapping.java:129)
	at org.springframework.beans.factory.support.AbstractAutowireCapableBeanFactory.invokeInitMethods(AbstractAutowireCapableBeanFactory.java:1767)
	at org.springframework.beans.factory.support.AbstractAutowireCapableBeanFactory.initializeBean(AbstractAutowireCapableBeanFactory.java:1704)
	... 39 common frames omitted
18:19:43.372 DemoLog [main] ERROR o.springframework.test.context.TestContextManager - Caught exception while allowing TestExecutionListener [org.springframework.test.context.web.ServletTestExecutionListener@34c01041] to prepare test instance [com.zxsoft.demo2.test.RegionControllerTest@7be85f15]
java.lang.IllegalStateException: Failed to load ApplicationContext
	at org.springframework.test.context.cache.DefaultCacheAwareContextLoaderDelegate.loadContext(DefaultCacheAwareContextLoaderDelegate.java:125)
	at org.springframework.test.context.support.DefaultTestContext.getApplicationContext(DefaultTestContext.java:108)
	at org.springframework.test.context.web.ServletTestExecutionListener.setUpRequestContextIfNecessary(ServletTestExecutionListener.java:190)
	at org.springframework.test.context.web.ServletTestExecutionListener.prepareTestInstance(ServletTestExecutionListener.java:132)
	at org.springframework.test.context.TestContextManager.prepareTestInstance(TestContextManager.java:246)
	at org.springframework.test.context.junit4.SpringJUnit4ClassRunner.createTest(SpringJUnit4ClassRunner.java:227)
	at org.springframework.test.context.junit4.SpringJUnit4ClassRunner$1.runReflectiveCall(SpringJUnit4ClassRunner.java:289)
	at org.junit.internal.runners.model.ReflectiveCallable.run(ReflectiveCallable.java:12)
	at org.springframework.test.context.junit4.SpringJUnit4ClassRunner.methodBlock(SpringJUnit4ClassRunner.java:291)
	at org.springframework.test.context.junit4.SpringJUnit4ClassRunner.runChild(SpringJUnit4ClassRunner.java:246)
	at org.springframework.test.context.junit4.SpringJUnit4ClassRunner.runChild(SpringJUnit4ClassRunner.java:97)
	at org.junit.runners.ParentRunner$3.run(ParentRunner.java:290)
	at org.junit.runners.ParentRunner$1.schedule(ParentRunner.java:71)
	at org.junit.runners.ParentRunner.runChildren(ParentRunner.java:288)
	at org.junit.runners.ParentRunner.access$000(ParentRunner.java:58)
	at org.junit.runners.ParentRunner$2.evaluate(ParentRunner.java:268)
	at org.springframework.test.context.junit4.statements.RunBeforeTestClassCallbacks.evaluate(RunBeforeTestClassCallbacks.java:61)
	at org.springframework.test.context.junit4.statements.RunAfterTestClassCallbacks.evaluate(RunAfterTestClassCallbacks.java:70)
	at org.junit.runners.ParentRunner.run(ParentRunner.java:363)
	at org.springframework.test.context.junit4.SpringJUnit4ClassRunner.run(SpringJUnit4ClassRunner.java:190)
	at org.junit.runner.JUnitCore.run(JUnitCore.java:137)
	at com.intellij.junit4.JUnit4IdeaTestRunner.startRunnerWithArgs(JUnit4IdeaTestRunner.java:68)
	at com.intellij.rt.execution.junit.IdeaTestRunner$Repeater.startRunnerWithArgs(IdeaTestRunner.java:47)
	at com.intellij.rt.execution.junit.JUnitStarter.prepareStreamsAndStart(JUnitStarter.java:242)
	at com.intellij.rt.execution.junit.JUnitStarter.main(JUnitStarter.java:70)
Caused by: org.springframework.beans.factory.BeanCreationException: Error creating bean with name 'requestMappingHandlerMapping' defined in class path resource [org/springframework/web/servlet/config/annotation/DelegatingWebMvcConfiguration.class]: Invocation of init method failed; nested exception is java.lang.IllegalStateException: Ambiguous mapping. Cannot map 'regionController' method 
public java.lang.String com.zxsoft.demo2.controller.RegionController.queryRegion(com.zxsoft.demo2.domain.Region)
to {[],methods=[GET || POST]}: There is already 'regionController' bean method
public com.zxsoft.demo2.domain.Region com.zxsoft.demo2.controller.RegionController.addRegion(com.zxsoft.demo2.domain.Region) mapped.
	at org.springframework.beans.factory.support.AbstractAutowireCapableBeanFactory.initializeBean(AbstractAutowireCapableBeanFactory.java:1708)
	at org.springframework.beans.factory.support.AbstractAutowireCapableBeanFactory.doCreateBean(AbstractAutowireCapableBeanFactory.java:581)
	at org.springframework.beans.factory.support.AbstractAutowireCapableBeanFactory.createBean(AbstractAutowireCapableBeanFactory.java:503)
	at org.springframework.beans.factory.support.AbstractBeanFactory.lambda$doGetBean$0(AbstractBeanFactory.java:317)
	at org.springframework.beans.factory.support.DefaultSingletonBeanRegistry.getSingleton(DefaultSingletonBeanRegistry.java:222)
	at org.springframework.beans.factory.support.AbstractBeanFactory.doGetBean(AbstractBeanFactory.java:315)
	at org.springframework.beans.factory.support.AbstractBeanFactory.getBean(AbstractBeanFactory.java:199)
	at org.springframework.beans.factory.support.DefaultListableBeanFactory.preInstantiateSingletons(DefaultListableBeanFactory.java:760)
	at org.springframework.context.support.AbstractApplicationContext.finishBeanFactoryInitialization(AbstractApplicationContext.java:869)
	at org.springframework.context.support.AbstractApplicationContext.refresh(AbstractApplicationContext.java:550)
	at org.springframework.boot.SpringApplication.refresh(SpringApplication.java:759)
	at org.springframework.boot.SpringApplication.refreshContext(SpringApplication.java:395)
	at org.springframework.boot.SpringApplication.run(SpringApplication.java:327)
	at org.springframework.boot.test.context.SpringBootContextLoader.loadContext(SpringBootContextLoader.java:139)
	at org.springframework.test.context.cache.DefaultCacheAwareContextLoaderDelegate.loadContextInternal(DefaultCacheAwareContextLoaderDelegate.java:99)
	at org.springframework.test.context.cache.DefaultCacheAwareContextLoaderDelegate.loadContext(DefaultCacheAwareContextLoaderDelegate.java:117)
	... 24 common frames omitted
Caused by: java.lang.IllegalStateException: Ambiguous mapping. Cannot map 'regionController' method 
public java.lang.String com.zxsoft.demo2.controller.RegionController.queryRegion(com.zxsoft.demo2.domain.Region)
to {[],methods=[GET || POST]}: There is already 'regionController' bean method
public com.zxsoft.demo2.domain.Region com.zxsoft.demo2.controller.RegionController.addRegion(com.zxsoft.demo2.domain.Region) mapped.
	at org.springframework.web.servlet.handler.AbstractHandlerMethodMapping$MappingRegistry.assertUniqueMethodMapping(AbstractHandlerMethodMapping.java:580)
	at org.springframework.web.servlet.handler.AbstractHandlerMethodMapping$MappingRegistry.register(AbstractHandlerMethodMapping.java:544)
	at org.springframework.web.servlet.handler.AbstractHandlerMethodMapping.registerHandlerMethod(AbstractHandlerMethodMapping.java:265)
	at org.springframework.web.servlet.handler.AbstractHandlerMethodMapping.lambda$detectHandlerMethods$1(AbstractHandlerMethodMapping.java:250)
	at java.util.LinkedHashMap.forEach(LinkedHashMap.java:684)
	at org.springframework.web.servlet.handler.AbstractHandlerMethodMapping.detectHandlerMethods(AbstractHandlerMethodMapping.java:248)
	at org.springframework.web.servlet.handler.AbstractHandlerMethodMapping.initHandlerMethods(AbstractHandlerMethodMapping.java:218)
	at org.springframework.web.servlet.handler.AbstractHandlerMethodMapping.afterPropertiesSet(AbstractHandlerMethodMapping.java:188)
	at org.springframework.web.servlet.mvc.method.annotation.RequestMappingHandlerMapping.afterPropertiesSet(RequestMappingHandlerMapping.java:129)
	at org.springframework.beans.factory.support.AbstractAutowireCapableBeanFactory.invokeInitMethods(AbstractAutowireCapableBeanFactory.java:1767)
	at org.springframework.beans.factory.support.AbstractAutowireCapableBeanFactory.initializeBean(AbstractAutowireCapableBeanFactory.java:1704)
	... 39 common frames omitted
